<?xml version="1.0" encoding="UTF-8"?>
<!-- Generated by org.testng.reporters.JUnitReportReporter -->
<testsuite skipped="0" hostname="HTIWARI03" name="com.amazon.qa.testcases.ProductDiscriptionPageTest" tests="4" failures="0" timestamp="19 Aug 2018 01:38:50 GMT" time="14.714" errors="0">
  <testcase name="productDescriptionTest" time="0.195" classname="com.amazon.qa.testcases.ProductDiscriptionPageTest"/>
  <testcase name="prodcutPriceTest" time="0.912" classname="com.amazon.qa.testcases.ProductDiscriptionPageTest"/>
  <testcase name="addToCartTest" time="2.818" classname="com.amazon.qa.testcases.ProductDiscriptionPageTest"/>
  <testcase name="clickOnCarttest" time="10.789" classname="com.amazon.qa.testcases.ProductDiscriptionPageTest"/>
</testsuite> <!-- com.amazon.qa.testcases.ProductDiscriptionPageTest -->
