<?xml version="1.0" encoding="UTF-8"?>
<!-- Generated by org.testng.reporters.JUnitReportReporter -->
<testsuite skipped="0" hostname="HTIWARI03" name="com.amazon.qa.testcases.LandingPageTest" tests="3" failures="0" timestamp="17 Aug 2018 23:36:35 GMT" time="15.554" errors="0">
  <testcase name="validateLandingPageURLTest" time="0.033" classname="com.amazon.qa.testcases.LandingPageTest"/>
  <testcase name="validateAmazonLogoTest" time="0.078" classname="com.amazon.qa.testcases.LandingPageTest"/>
  <testcase name="clickOnLoginButtontest" time="15.443" classname="com.amazon.qa.testcases.LandingPageTest"/>
</testsuite> <!-- com.amazon.qa.testcases.LandingPageTest -->
