<?xml version="1.0" encoding="UTF-8"?>
<!-- Generated by org.testng.reporters.JUnitReportReporter -->
<testsuite skipped="0" hostname="HTIWARI03" name="com.amazon.qa.testcases.HomePageTest" tests="2" failures="0" timestamp="18 Aug 2018 07:55:39 GMT" time="7.495" errors="0">
  <testcase name="homePageTitleTest" time="0.020" classname="com.amazon.qa.testcases.HomePageTest"/>
  <testcase name="searchProductTest" time="7.475" classname="com.amazon.qa.testcases.HomePageTest"/>
</testsuite> <!-- com.amazon.qa.testcases.HomePageTest -->
