<?xml version="1.0" encoding="UTF-8"?>
<!-- Generated by org.testng.reporters.JUnitReportReporter -->
<testsuite skipped="0" hostname="HTIWARI03" name="com.amazon.qa.testcases.CartDetailsTest" tests="5" failures="0" timestamp="20 Aug 2018 14:12:43 GMT" time="12.226" errors="0">
  <testcase name="productdetailsTest" time="0.096" classname="com.amazon.qa.testcases.CartDetailsTest"/>
  <testcase name="productAmountTest" time="0.058" classname="com.amazon.qa.testcases.CartDetailsTest"/>
  <testcase name="productQuantityTest" time="1.918" classname="com.amazon.qa.testcases.CartDetailsTest"/>
  <testcase name="LogoutTest" time="1.311" classname="com.amazon.qa.testcases.CartDetailsTest"/>
  <testcase name="relogin" time="8.843" classname="com.amazon.qa.testcases.CartDetailsTest"/>
</testsuite> <!-- com.amazon.qa.testcases.CartDetailsTest -->
